<?xml version="1.0" encoding="UTF-8"?>
<!-- Generated by org.testng.reporters.JUnitXMLReporter -->
<testsuite ignored="0" hostname="LAPTOP-HSPQSV91" failures="0" tests="2" name="TestNgSeleniumChromeTest" time="23.608" errors="0" timestamp="21 Sep 2018 18:24:14 GMT">
  <testcase classname="com.javacodegeeks.testng.selenium.TestNGSeleniumBrowserCfgExample" name="searchGoogle" time="7.71"/>
  <testcase classname="com.javacodegeeks.testng.selenium.TestNGSeleniumBrowserCfgExample" name="searchGoogle" time="3.187"/>
</testsuite> <!-- TestNgSeleniumChromeTest -->
