<?xml version="1.0" encoding="UTF-8"?>
<!-- Generated by org.testng.reporters.JUnitXMLReporter -->
<testsuite ignored="0" hostname="LAPTOP-HSPQSV91" failures="0" tests="2" name="TestNgSeleniumFirefoxTest" time="19.796" errors="0" timestamp="21 Sep 2018 18:24:34 GMT">
  <testcase classname="com.javacodegeeks.testng.selenium.TestNGSeleniumBrowserCfgExample" name="searchGoogle" time="7.35"/>
  <testcase classname="com.javacodegeeks.testng.selenium.TestNGSeleniumBrowserCfgExample" name="searchGoogle" time="1.434"/>
</testsuite> <!-- TestNgSeleniumFirefoxTest -->
