<?xml version="1.0" encoding="UTF-8"?>
<!-- Generated by org.testng.reporters.JUnitXMLReporter -->
<testsuite ignored="0" hostname="LAPTOP-HSPQSV91" failures="0" tests="2" name="TestNgSeleniumChromeTest" time="12.581" errors="0" timestamp="21 Sep 2018 20:43:56 GMT">
  <testcase classname="com.javacodegeeks.testng.selenium.TestNGSeleniumBrowserCfgExample" name="searchGoogle" time="5.08"/>
  <testcase classname="com.javacodegeeks.testng.selenium.TestNGSeleniumBrowserCfgExample" name="searchGoogle" time="2.564"/>
</testsuite> <!-- TestNgSeleniumChromeTest -->
