<?xml version="1.0" encoding="UTF-8"?>
<!-- Generated by org.testng.reporters.JUnitXMLReporter -->
<testsuite ignored="0" hostname="LAPTOP-HSPQSV91" failures="0" tests="2" name="TestNgSeleniumFirefoxTest" time="13.835" errors="0" timestamp="21 Sep 2018 20:44:10 GMT">
  <testcase classname="com.javacodegeeks.testng.selenium.TestNGSeleniumBrowserCfgExample" name="searchGoogle" time="3.016"/>
  <testcase classname="com.javacodegeeks.testng.selenium.TestNGSeleniumBrowserCfgExample" name="searchGoogle" time="1.403"/>
</testsuite> <!-- TestNgSeleniumFirefoxTest -->
