<?xml version="1.0" encoding="UTF-8"?>
<!-- Generated by org.testng.reporters.JUnitXMLReporter -->
<testsuite ignored="0" hostname="LAPTOP-HSPQSV91" failures="0" tests="2" name="TestNgSeleniumTest" time="15.543" errors="0" timestamp="21 Sep 2018 20:44:25 GMT">
  <testcase classname="com.javacodegeeks.testng.selenium.TestNGSeleniumDataDrivenSearchExample" name="searchGoogle" time="8.009"/>
  <testcase classname="com.javacodegeeks.testng.selenium.TestNGSeleniumDataDrivenSearchExample" name="searchGoogle" time="1.512"/>
</testsuite> <!-- TestNgSeleniumTest -->
