<?xml version="1.0" encoding="UTF-8"?>
<testsuite xmlns:xsi="http://www.w3.org/2001/XMLSchema-instance" xsi:noNamespaceSchemaLocation="https://maven.apache.org/surefire/maven-surefire-plugin/xsd/surefire-test-report.xsd" name="TestSuite" time="60.336" tests="7" errors="0" skipped="0" failures="0">
  <properties>
[...]
</properties>
  <testcase name="searchGoogle" classname="com.javacodegeeks.testng.selenium.TestNGSeleniumBrowserCfgExample" time="5.083"/>
  <testcase name="searchGoogle" classname="com.javacodegeeks.testng.selenium.TestNGSeleniumBrowserCfgExample" time="2.567"/>
  <testcase name="searchGoogle" classname="com.javacodegeeks.testng.selenium.TestNGSeleniumBrowserCfgExample" time="3.016"/>
  <testcase name="searchGoogle" classname="com.javacodegeeks.testng.selenium.TestNGSeleniumBrowserCfgExample" time="1.403"/>
  <testcase name="searchGoogle" classname="com.javacodegeeks.testng.selenium.TestNGSeleniumDataDrivenSearchExample" time="8.009"/>
  <testcase name="searchGoogle" classname="com.javacodegeeks.testng.selenium.TestNGSeleniumDataDrivenSearchExample" time="1.512"/>
  <testcase name="searchTestNGInGoogle" classname="com.javacodegeeks.testng.selenium.TestNGSeleniumSimpleSearchExample" time="3.499"/>
</testsuite>