<?xml version="1.0" encoding="UTF-8"?>
<testng-results ignored="0" total="4" passed="4" failed="0" skipped="0">
  <reporter-output>
  </reporter-output>
  <suite started-at="2018-09-21T18:23:50Z" name="TestNgSeleniumSuite" finished-at="2018-09-21T18:24:34Z" duration-ms="43608">
    <groups>
    </groups>
    <test started-at="2018-09-21T18:23:50Z" name="TestNgSeleniumChromeTest" finished-at="2018-09-21T18:24:14Z" duration-ms="23608">
      <class name="com.javacodegeeks.testng.selenium.TestNGSeleniumBrowserCfgExample">
        <test-method is-config="true" signature="setUp(java.lang.String)[pri:0, instance:com.javacodegeeks.testng.selenium.TestNGSeleniumBrowserCfgExample@6c779568]" started-at="2018-09-21T18:23:50Z" name="setUp" finished-at="2018-09-21T18:24:01Z" duration-ms="11181" status="PASS">
          <params>
            <param index="0">
              <value>
                <![CDATA[chrome]]>
              </value>
            </param>
          </params>
          <reporter-output>
          </reporter-output>
        </test-method> <!-- setUp -->
        <test-method signature="searchGoogle(java.lang.String)[pri:0, instance:com.javacodegeeks.testng.selenium.TestNGSeleniumBrowserCfgExample@6c779568]" started-at="2018-09-21T18:24:01Z" name="searchGoogle" data-provider="searchStrings" finished-at="2018-09-21T18:24:09Z" duration-ms="7710" status="PASS">
          <params>
            <param index="0">
              <value>
                <![CDATA[TestNG]]>
              </value>
            </param>
          </params>
          <reporter-output>
          </reporter-output>
        </test-method> <!-- searchGoogle -->
        <test-method signature="searchGoogle(java.lang.String)[pri:0, instance:com.javacodegeeks.testng.selenium.TestNGSeleniumBrowserCfgExample@6c779568]" started-at="2018-09-21T18:24:09Z" name="searchGoogle" data-provider="searchStrings" finished-at="2018-09-21T18:24:12Z" duration-ms="3187" status="PASS">
          <params>
            <param index="0">
              <value>
                <![CDATA[Selenium]]>
              </value>
            </param>
          </params>
          <reporter-output>
          </reporter-output>
        </test-method> <!-- searchGoogle -->
        <test-method is-config="true" signature="quitDriver()[pri:0, instance:com.javacodegeeks.testng.selenium.TestNGSeleniumBrowserCfgExample@6c779568]" started-at="2018-09-21T18:24:12Z" name="quitDriver" finished-at="2018-09-21T18:24:14Z" duration-ms="1504" status="PASS">
          <reporter-output>
          </reporter-output>
        </test-method> <!-- quitDriver -->
      </class> <!-- com.javacodegeeks.testng.selenium.TestNGSeleniumBrowserCfgExample -->
    </test> <!-- TestNgSeleniumChromeTest -->
    <test started-at="2018-09-21T18:24:14Z" name="TestNgSeleniumFirefoxTest" finished-at="2018-09-21T18:24:34Z" duration-ms="19796">
      <class name="com.javacodegeeks.testng.selenium.TestNGSeleniumBrowserCfgExample">
        <test-method is-config="true" signature="setUp(java.lang.String)[pri:0, instance:com.javacodegeeks.testng.selenium.TestNGSeleniumBrowserCfgExample@26275bef]" started-at="2018-09-21T18:24:14Z" name="setUp" finished-at="2018-09-21T18:24:22Z" duration-ms="8239" status="PASS">
          <params>
            <param index="0">
              <value>
                <![CDATA[firefox]]>
              </value>
            </param>
          </params>
          <reporter-output>
          </reporter-output>
        </test-method> <!-- setUp -->
        <test-method signature="searchGoogle(java.lang.String)[pri:0, instance:com.javacodegeeks.testng.selenium.TestNGSeleniumBrowserCfgExample@26275bef]" started-at="2018-09-21T18:24:22Z" name="searchGoogle" data-provider="searchStrings" finished-at="2018-09-21T18:24:30Z" duration-ms="7350" status="PASS">
          <params>
            <param index="0">
              <value>
                <![CDATA[TestNG]]>
              </value>
            </param>
          </params>
          <reporter-output>
          </reporter-output>
        </test-method> <!-- searchGoogle -->
        <test-method signature="searchGoogle(java.lang.String)[pri:0, instance:com.javacodegeeks.testng.selenium.TestNGSeleniumBrowserCfgExample@26275bef]" started-at="2018-09-21T18:24:30Z" name="searchGoogle" data-provider="searchStrings" finished-at="2018-09-21T18:24:31Z" duration-ms="1434" status="PASS">
          <params>
            <param index="0">
              <value>
                <![CDATA[Selenium]]>
              </value>
            </param>
          </params>
          <reporter-output>
          </reporter-output>
        </test-method> <!-- searchGoogle -->
        <test-method is-config="true" signature="quitDriver()[pri:0, instance:com.javacodegeeks.testng.selenium.TestNGSeleniumBrowserCfgExample@26275bef]" started-at="2018-09-21T18:24:31Z" name="quitDriver" finished-at="2018-09-21T18:24:34Z" duration-ms="2760" status="PASS">
          <reporter-output>
          </reporter-output>
        </test-method> <!-- quitDriver -->
      </class> <!-- com.javacodegeeks.testng.selenium.TestNGSeleniumBrowserCfgExample -->
    </test> <!-- TestNgSeleniumFirefoxTest -->
  </suite> <!-- TestNgSeleniumSuite -->
</testng-results>
